\BOOKMARK [1][-]{section.1}{\376\377\000I\000n\000t\000r\000o\000d\000u\000c\000i\000\363\000n}{}% 1
\BOOKMARK [1][-]{section.2}{\376\377\000R\000e\000g\000l\000a\000s\000\040\000d\000e\000l\000\040\000j\000u\000e\000g\000o}{}% 2
\BOOKMARK [2][-]{subsection.2.1}{\376\377\000O\000b\000j\000e\000t\000i\000v\000o}{section.2}% 3
\BOOKMARK [2][-]{subsection.2.2}{\376\377\000R\000o\000n\000d\000a}{section.2}% 4
\BOOKMARK [3][-]{subsubsection.2.2.1}{\376\377\000E\000v\000e\000n\000t\000o\000s\000\040\000c\000o\000o\000p\000e\000r\000a\000t\000i\000v\000o\000s\000:}{subsection.2.2}% 5
\BOOKMARK [3][-]{subsubsection.2.2.2}{\376\377\000E\000v\000e\000n\000t\000o\000s\000\040\000e\000s\000p\000e\000c\000i\000a\000l\000e\000s\000:\000\040}{subsection.2.2}% 6
\BOOKMARK [2][-]{subsection.2.3}{\376\377\000O\000t\000r\000a\000s\000\040\000m\000e\000c\000\341\000n\000i\000c\000a\000s\000\040\000d\000e\000l\000\040\000j\000u\000e\000g\000o}{section.2}% 7
\BOOKMARK [1][-]{section.3}{\376\377\000E\000s\000t\000r\000a\000t\000e\000g\000i\000a\000s}{}% 8
\BOOKMARK [2][-]{subsection.3.1}{\376\377\000U\000n\000\040\000p\000o\000c\000o\000\040\000d\000e\000\040\000h\000i\000s\000t\000o\000r\000i\000a}{section.3}% 9
\BOOKMARK [2][-]{subsection.3.2}{\376\377\000E\000s\000t\000r\000a\000t\000e\000g\000i\000a\000s\000\040\000p\000r\000o\000p\000i\000a\000s}{section.3}% 10
\BOOKMARK [1][-]{section.4}{\376\377\000M\000o\000d\000e\000l\000a\000n\000d\000o\000\040\000e\000l\000\040\000j\000u\000e\000g\000o}{}% 11
\BOOKMARK [2][-]{subsection.4.1}{\376\377\000M\000o\000d\000e\000l\000a\000c\000i\000\363\000n\000\040\000d\000e\000l\000\040\000e\000n\000t\000o\000r\000n\000o}{section.4}% 12
\BOOKMARK [3][-]{subsubsection.4.1.1}{\376\377\000I\000n\000f\000o\000r\000m\000a\000c\000i\000\363\000n\000\040\000d\000e\000l\000\040\000e\000n\000t\000o\000r\000n\000o}{subsection.4.1}% 13
\BOOKMARK [3][-]{subsubsection.4.1.2}{\376\377\000C\000a\000r\000a\000c\000t\000e\000r\000i\000z\000a\000c\000i\000\363\000n\000\040\000d\000e\000l\000\040\000e\000n\000t\000o\000r\000n\000o}{subsection.4.1}% 14
\BOOKMARK [2][-]{subsection.4.2}{\376\377\000M\000o\000d\000e\000l\000a\000c\000i\000\363\000n\000\040\000d\000e\000\040\000l\000o\000s\000\040\000a\000g\000e\000n\000t\000e\000s}{section.4}% 15
\BOOKMARK [1][-]{section.5}{\376\377\000A\000g\000e\000n\000t\000e\000s\000\040\000I\000n\000t\000e\000l\000i\000g\000e\000n\000t\000e\000s}{}% 16
\BOOKMARK [2][-]{subsection.5.1}{\376\377\000P\000r\000o\000p\000h\000e\000t}{section.5}% 17
\BOOKMARK [2][-]{subsection.5.2}{\376\377\000J\000u\000d\000g\000e}{section.5}% 18
\BOOKMARK [1][-]{section.6}{\376\377\000R\000e\000s\000u\000l\000t\000a\000d\000o\000s\000\040\000o\000b\000t\000e\000n\000i\000d\000o\000s}{}% 19
\BOOKMARK [2][-]{subsection.6.1}{\376\377\000C\000o\000n\000f\000i\000g\000u\000r\000a\000c\000i\000\363\000n\000\040\000b\000\341\000s\000i\000c\000a\000\040\000o\000\040\000p\000o\000r\000\040\000d\000e\000f\000e\000c\000t\000o}{section.6}% 20
\BOOKMARK [3][-]{subsubsection.6.1.1}{\376\377\000C\000o\000n\000f\000i\000g\000u\000r\000a\000c\000i\000\363\000n\000\040\000i\000n\000i\000c\000i\000a\000l}{subsection.6.1}% 21
\BOOKMARK [3][-]{subsubsection.6.1.2}{\376\377\000R\000e\000s\000u\000l\000t\000a\000d\000o\000s}{subsection.6.1}% 22
\BOOKMARK [3][-]{subsubsection.6.1.3}{\376\377\000G\000r\000\341\000f\000i\000c\000a\000s}{subsection.6.1}% 23
\BOOKMARK [2][-]{subsection.6.2}{\376\377\000M\000e\000n\000o\000r\000\040\000t\000o\000l\000e\000r\000a\000n\000c\000i\000a\000\040\000a\000l\000\040\000r\000o\000b\000o}{section.6}% 24
\BOOKMARK [3][-]{subsubsection.6.2.1}{\376\377\000C\000o\000n\000f\000i\000g\000u\000r\000a\000c\000i\000\363\000n\000\040\000i\000n\000i\000c\000i\000a\000l}{subsection.6.2}% 25
\BOOKMARK [3][-]{subsubsection.6.2.2}{\376\377\000R\000e\000s\000u\000l\000t\000a\000d\000o\000s}{subsection.6.2}% 26
\BOOKMARK [3][-]{subsubsection.6.2.3}{\376\377\000G\000r\000\341\000f\000i\000c\000a\000s}{subsection.6.2}% 27
\BOOKMARK [2][-]{subsection.6.3}{\376\377\000M\000a\000y\000o\000r\000\040\000R\000u\000i\000d\000o}{section.6}% 28
\BOOKMARK [3][-]{subsubsection.6.3.1}{\376\377\000C\000o\000n\000f\000i\000g\000u\000r\000a\000c\000i\000\363\000n\000\040\000i\000n\000i\000c\000i\000a\000l}{subsection.6.3}% 29
\BOOKMARK [3][-]{subsubsection.6.3.2}{\376\377\000R\000e\000s\000u\000l\000t\000a\000d\000o\000s}{subsection.6.3}% 30
\BOOKMARK [2][-]{subsection.6.4}{\376\377\000M\000o\000d\000i\000f\000i\000c\000a\000n\000d\000o\000\040\000l\000a\000\040\000p\000o\000b\000l\000a\000c\000i\000\363\000n}{section.6}% 31
\BOOKMARK [3][-]{subsubsection.6.4.1}{\376\377\000C\000o\000n\000f\000i\000g\000u\000r\000a\000c\000i\000\363\000n\000\040\000i\000n\000i\000c\000i\000a\000l}{subsection.6.4}% 32
\BOOKMARK [3][-]{subsubsection.6.4.2}{\376\377\000R\000e\000s\000u\000l\000t\000a\000d\000o\000s}{subsection.6.4}% 33
\BOOKMARK [3][-]{subsubsection.6.4.3}{\376\377\000G\000r\000\341\000f\000i\000c\000a\000s}{subsection.6.4}% 34
\BOOKMARK [2][-]{subsection.6.5}{\376\377\000M\000o\000d\000i\000f\000i\000c\000a\000n\000d\000o\000\040\000l\000a\000\040\000p\000o\000b\000l\000a\000c\000i\000\363\000n\000\040\0002\000.\0000}{section.6}% 35
\BOOKMARK [3][-]{subsubsection.6.5.1}{\376\377\000C\000o\000n\000f\000i\000g\000u\000r\000a\000c\000i\000\363\000n\000\040\000i\000n\000i\000c\000i\000a\000l}{subsection.6.5}% 36
\BOOKMARK [3][-]{subsubsection.6.5.2}{\376\377\000R\000e\000s\000u\000l\000t\000a\000d\000o\000s}{subsection.6.5}% 37
\BOOKMARK [3][-]{subsubsection.6.5.3}{\376\377\000G\000r\000\341\000f\000i\000c\000a\000s}{subsection.6.5}% 38
\BOOKMARK [1][-]{section.7}{\376\377\000E\000l\000\040\000E\000d\000e\000n\000a\000\040\000R\000u\000h}{}% 39
\BOOKMARK [2][-]{subsection.7.1}{\376\377\000E\000l\000\040\000p\000r\000o\000m\000p\000t}{section.7}% 40
\BOOKMARK [2][-]{subsection.7.2}{\376\377\000L\000a\000\040\000h\000i\000s\000t\000o\000r\000i\000a}{section.7}% 41
\BOOKMARK [1][-]{section.8}{\376\377\000C\000o\000n\000c\000l\000u\000s\000i\000o\000n\000e\000s}{}% 42
